#-----------------------------------------------------------
# Vivado v2024.2 (64-bit)
# SW Build 5239630 on Fri Nov 08 22:35:27 MST 2024
# IP Build 5239520 on Sun Nov 10 16:12:51 MST 2024
# SharedData Build 5239561 on Fri Nov 08 14:39:27 MST 2024
# Start of session at: Thu Feb 12 22:01:43 2026
# Process ID         : 37592
# Current directory  : C:/USAFA/Spring 2026/ECE281/ece281-ice3
# Command line       : vivado.exe -gui_launcher_event rodinguilauncherevent37836 C:\USAFA\Spring 2026\ECE281\ece281-ice3\ripple_adder.xpr
# Log file           : C:/USAFA/Spring 2026/ECE281/ece281-ice3/vivado.log
# Journal file       : C:/USAFA/Spring 2026/ECE281/ece281-ice3\vivado.jou
# Running On         : C28-2TK41600RQ
# Platform           : Windows Server 2016 or Windows 10
# Operating System   : 22631
# Processor Detail   : AMD Ryzen 7 PRO 7840U w/ Radeon 780M Graphics  
# CPU Frequency      : 3294 MHz
# CPU Physical cores : 8
# CPU Logical cores  : 16
# Host memory        : 29827 MB
# Swap memory        : 18153 MB
# Total Virtual      : 47980 MB
# Available Virtual  : 8963 MB
#-----------------------------------------------------------
start_gui
open_project {C:/USAFA/Spring 2026/ECE281/ece281-ice3/ripple_adder.xpr}
INFO: [filemgmt 56-3] Default IP Output Path : Could not find the directory 'C:/USAFA/Spring 2026/ECE281/ece281-ice3/ripple_adder.gen/sources_1'.
WARNING: [filemgmt 56-3] IPUserFilesDir: Could not find the directory 'C:/USAFA/Spring 2026/ECE281/ece281-ice3/ripple_adder.ip_user_files'.
Scanning sources...
Finished scanning sources
INFO: [IP_Flow 19-234] Refreshing IP repositories
INFO: [IP_Flow 19-1704] No user IP repositories specified
INFO: [IP_Flow 19-2313] Loaded Vivado IP repository 'C:/Xilinx/Vivado/2024.2/data/ip'.
update_compile_order -fileset sources_1
WARNING: [filemgmt 56-199] Attempt to get parsing info during refresh. "On-the-fly" syntax checking information may be incorrect. [C:\USAFA\Spring 2026\ECE281\ece281-ice3\src\full_adder.vhd:]
WARNING: [filemgmt 56-199] Attempt to get parsing info during refresh. "On-the-fly" syntax checking information may be incorrect. [C:\USAFA\Spring 2026\ECE281\ece281-ice3\src\ripple_adder_tb.vhd:]
WARNING: [filemgmt 56-199] Attempt to get parsing info during refresh. "On-the-fly" syntax checking information may be incorrect. [C:\USAFA\Spring 2026\ECE281\ece281-ice3\src\top_basys3.vhd:]
WARNING: [filemgmt 56-199] Attempt to get parsing info during refresh. "On-the-fly" syntax checking information may be incorrect. [C:\USAFA\Spring 2026\ECE281\ece281-ice3\src\ripple_adder.vhd:]
WARNING: [filemgmt 56-199] Attempt to get parsing info during refresh. "On-the-fly" syntax checking information may be incorrect. [C:\USAFA\Spring 2026\ECE281\ece281-ice3\src\full_adder.vhd:]
WARNING: [filemgmt 56-199] Attempt to get parsing info during refresh. "On-the-fly" syntax checking information may be incorrect. [C:\USAFA\Spring 2026\ECE281\ece281-ice3\src\full_adder.vhd:]
WARNING: [filemgmt 56-199] Attempt to get parsing info during refresh. "On-the-fly" syntax checking information may be incorrect. [C:\USAFA\Spring 2026\ECE281\ece281-ice3\src\full_adder.vhd:]
WARNING: [filemgmt 56-199] Attempt to get parsing info during refresh. "On-the-fly" syntax checking information may be incorrect. [C:\USAFA\Spring 2026\ECE281\ece281-ice3\src\ripple_adder_tb.vhd:]
WARNING: [filemgmt 56-199] Attempt to get parsing info during refresh. "On-the-fly" syntax checking information may be incorrect. [C:\USAFA\Spring 2026\ECE281\ece281-ice3\src\top_basys3.vhd:]
WARNING: [filemgmt 56-199] Attempt to get parsing info during refresh. "On-the-fly" syntax checking information may be incorrect. [C:\USAFA\Spring 2026\ECE281\ece281-ice3\src\ripple_adder.vhd:]
WARNING: [filemgmt 56-199] Attempt to get parsing info during refresh. "On-the-fly" syntax checking information may be incorrect. [C:\USAFA\Spring 2026\ECE281\ece281-ice3\src\ripple_adder_tb.vhd:]
WARNING: [filemgmt 56-199] Attempt to get parsing info during refresh. "On-the-fly" syntax checking information may be incorrect. [C:\USAFA\Spring 2026\ECE281\ece281-ice3\src\ripple_adder_tb.vhd:]
launch_simulation
Command: launch_simulation 
INFO: [Vivado 12-12493] Simulation top is 'ripple_adder_tb'
WARNING: [Vivado 12-13340] Unable to auto find GCC executables from simulator install path! (path not set)
INFO: [Vivado 12-5682] Launching behavioral simulation in 'C:/USAFA/Spring 2026/ECE281/ece281-ice3/ripple_adder.sim/sim_1/behav/xsim'
INFO: [SIM-utils-51] Simulation object is 'sim_1'
INFO: [SIM-utils-72] Using boost library from 'C:/Xilinx/Vivado/2024.2/tps/boost_1_72_0'
ERROR: [Common 17-180] Spawn failed: No error
WARNING: [filemgmt 56-199] Attempt to get parsing info during refresh. "On-the-fly" syntax checking information may be incorrect. [C:\USAFA\Spring 2026\ECE281\ece281-ice3\src\full_adder.vhd:]
WARNING: [filemgmt 56-199] Attempt to get parsing info during refresh. "On-the-fly" syntax checking information may be incorrect. [C:\USAFA\Spring 2026\ECE281\ece281-ice3\src\ripple_adder_tb.vhd:]
WARNING: [filemgmt 56-199] Attempt to get parsing info during refresh. "On-the-fly" syntax checking information may be incorrect. [C:\USAFA\Spring 2026\ECE281\ece281-ice3\src\top_basys3.vhd:]
WARNING: [filemgmt 56-199] Attempt to get parsing info during refresh. "On-the-fly" syntax checking information may be incorrect. [C:\USAFA\Spring 2026\ECE281\ece281-ice3\src\ripple_adder.vhd:]
WARNING: [filemgmt 56-199] Attempt to get parsing info during refresh. "On-the-fly" syntax checking information may be incorrect. [C:\USAFA\Spring 2026\ECE281\ece281-ice3\src\ripple_adder.vhd:]
WARNING: [filemgmt 56-199] Attempt to get parsing info during refresh. "On-the-fly" syntax checking information may be incorrect. [C:\USAFA\Spring 2026\ECE281\ece281-ice3\src\ripple_adder.vhd:]
ERROR: [Common 17-180] Spawn failed: No error
ERROR: [Common 17-39] 'get_xpm_libraries' failed due to earlier errors.

    while executing
"rdi::get_xpm_libraries"
    (procedure "xcs_get_xpm_libraries" line 14)
    invoked from within
"xcs_get_xpm_libraries"
    (procedure "usf_xsim_setup_simulation" line 50)
    invoked from within
"usf_xsim_setup_simulation"
    (procedure "tclapp::xilinx::xsim::setup" line 29)
    invoked from within
"tclapp::xilinx::xsim::setup { -simset sim_1 -mode behavioral -run_dir {C:/USAFA/Spring 2026/ECE281/ece281-ice3/ripple_adder.sim/sim_1/behav/xsim} -int..."
ERROR: [Vivado 12-4473] Detected error while running simulation. Please correct the issue and retry this operation.
ERROR: [Common 17-39] 'launch_simulation' failed due to earlier errors.
WARNING: [filemgmt 56-199] Attempt to get parsing info during refresh. "On-the-fly" syntax checking information may be incorrect. [C:\USAFA\Spring 2026\ECE281\ece281-ice3\src\full_adder.vhd:]
WARNING: [filemgmt 56-199] Attempt to get parsing info during refresh. "On-the-fly" syntax checking information may be incorrect. [C:\USAFA\Spring 2026\ECE281\ece281-ice3\src\ripple_adder_tb.vhd:]
WARNING: [filemgmt 56-199] Attempt to get parsing info during refresh. "On-the-fly" syntax checking information may be incorrect. [C:\USAFA\Spring 2026\ECE281\ece281-ice3\src\top_basys3.vhd:]
WARNING: [filemgmt 56-199] Attempt to get parsing info during refresh. "On-the-fly" syntax checking information may be incorrect. [C:\USAFA\Spring 2026\ECE281\ece281-ice3\src\ripple_adder.vhd:]
WARNING: [filemgmt 56-199] Attempt to get parsing info during refresh. "On-the-fly" syntax checking information may be incorrect. [C:\USAFA\Spring 2026\ECE281\ece281-ice3\src\full_adder.vhd:]
WARNING: [filemgmt 56-199] Attempt to get parsing info during refresh. "On-the-fly" syntax checking information may be incorrect. [C:\USAFA\Spring 2026\ECE281\ece281-ice3\src\full_adder.vhd:]
WARNING: [filemgmt 56-199] Attempt to get parsing info during refresh. "On-the-fly" syntax checking information may be incorrect. [C:\USAFA\Spring 2026\ECE281\ece281-ice3\src\full_adder.vhd:]
WARNING: [filemgmt 56-199] Attempt to get parsing info during refresh. "On-the-fly" syntax checking information may be incorrect. [C:\USAFA\Spring 2026\ECE281\ece281-ice3\src\ripple_adder_tb.vhd:]
WARNING: [filemgmt 56-199] Attempt to get parsing info during refresh. "On-the-fly" syntax checking information may be incorrect. [C:\USAFA\Spring 2026\ECE281\ece281-ice3\src\top_basys3.vhd:]
WARNING: [filemgmt 56-199] Attempt to get parsing info during refresh. "On-the-fly" syntax checking information may be incorrect. [C:\USAFA\Spring 2026\ECE281\ece281-ice3\src\ripple_adder.vhd:]
WARNING: [filemgmt 56-199] Attempt to get parsing info during refresh. "On-the-fly" syntax checking information may be incorrect. [C:\USAFA\Spring 2026\ECE281\ece281-ice3\src\ripple_adder_tb.vhd:]
WARNING: [filemgmt 56-199] Attempt to get parsing info during refresh. "On-the-fly" syntax checking information may be incorrect. [C:\USAFA\Spring 2026\ECE281\ece281-ice3\src\ripple_adder_tb.vhd:]
launch_simulation
Command: launch_simulation 
INFO: [Vivado 12-12493] Simulation top is 'ripple_adder_tb'
WARNING: [Vivado 12-13340] Unable to auto find GCC executables from simulator install path! (path not set)
INFO: [Vivado 12-5682] Launching behavioral simulation in 'C:/USAFA/Spring 2026/ECE281/ece281-ice3/ripple_adder.sim/sim_1/behav/xsim'
INFO: [SIM-utils-51] Simulation object is 'sim_1'
INFO: [SIM-utils-72] Using boost library from 'C:/Xilinx/Vivado/2024.2/tps/boost_1_72_0'
ERROR: [Common 17-180] Spawn failed: No error
WARNING: [filemgmt 56-199] Attempt to get parsing info during refresh. "On-the-fly" syntax checking information may be incorrect. [C:\USAFA\Spring 2026\ECE281\ece281-ice3\src\full_adder.vhd:]
WARNING: [filemgmt 56-199] Attempt to get parsing info during refresh. "On-the-fly" syntax checking information may be incorrect. [C:\USAFA\Spring 2026\ECE281\ece281-ice3\src\ripple_adder_tb.vhd:]
WARNING: [filemgmt 56-199] Attempt to get parsing info during refresh. "On-the-fly" syntax checking information may be incorrect. [C:\USAFA\Spring 2026\ECE281\ece281-ice3\src\top_basys3.vhd:]
WARNING: [filemgmt 56-199] Attempt to get parsing info during refresh. "On-the-fly" syntax checking information may be incorrect. [C:\USAFA\Spring 2026\ECE281\ece281-ice3\src\ripple_adder.vhd:]
WARNING: [filemgmt 56-199] Attempt to get parsing info during refresh. "On-the-fly" syntax checking information may be incorrect. [C:\USAFA\Spring 2026\ECE281\ece281-ice3\src\top_basys3.vhd:]
WARNING: [filemgmt 56-199] Attempt to get parsing info during refresh. "On-the-fly" syntax checking information may be incorrect. [C:\USAFA\Spring 2026\ECE281\ece281-ice3\src\top_basys3.vhd:]
ERROR: [Common 17-180] Spawn failed: No error
ERROR: [Common 17-39] 'get_xpm_libraries' failed due to earlier errors.

    while executing
"rdi::get_xpm_libraries"
    (procedure "xcs_get_xpm_libraries" line 14)
    invoked from within
"xcs_get_xpm_libraries"
    (procedure "usf_xsim_setup_simulation" line 50)
    invoked from within
"usf_xsim_setup_simulation"
    (procedure "tclapp::xilinx::xsim::setup" line 29)
    invoked from within
"tclapp::xilinx::xsim::setup { -simset sim_1 -mode behavioral -run_dir {C:/USAFA/Spring 2026/ECE281/ece281-ice3/ripple_adder.sim/sim_1/behav/xsim} -int..."
ERROR: [Vivado 12-4473] Detected error while running simulation. Please correct the issue and retry this operation.
ERROR: [Common 17-39] 'launch_simulation' failed due to earlier errors.
exit
INFO: [Common 17-206] Exiting Vivado at Thu Feb 12 22:12:44 2026...
