Copyright 1986-2022 Xilinx, Inc. All Rights Reserved. Copyright 2022-2024 Advanced Micro Devices, Inc. All Rights Reserved.
---------------------------------------------------------------------------------------------------------------------------------------------------------------------------------------------------------------------------
| Tool Version : Vivado v.2024.2 (win64) Build 5239630 Fri Nov 08 22:35:27 MST 2024
| Date         : Fri Feb 13 15:37:16 2026
| Host         : C28-2TK41600RQ running 64-bit major release  (build 9200)
| Command      : report_timing_summary -max_paths 10 -report_unconstrained -file top_basys3_timing_summary_routed.rpt -pb top_basys3_timing_summary_routed.pb -rpx top_basys3_timing_summary_routed.rpx -warn_on_violation
| Design       : top_basys3
| Device       : 7a35t-cpg236
| Speed File   : -1  PRODUCTION 1.23 2018-06-13
| Design State : Routed
---------------------------------------------------------------------------------------------------------------------------------------------------------------------------------------------------------------------------

Timing Summary Report

------------------------------------------------------------------------------------------------
| Timer Settings
| --------------
------------------------------------------------------------------------------------------------

  Enable Multi Corner Analysis               :  Yes
  Enable Pessimism Removal                   :  Yes
  Pessimism Removal Resolution               :  Nearest Common Node
  Enable Input Delay Default Clock           :  No
  Enable Preset / Clear Arcs                 :  No
  Disable Flight Delays                      :  No
  Ignore I/O Paths                           :  No
  Timing Early Launch at Borrowing Latches   :  No
  Borrow Time for Max Delay Exceptions       :  Yes
  Merge Timing Exceptions                    :  Yes
  Inter-SLR Compensation                     :  Conservative

  Corner  Analyze    Analyze    
  Name    Max Paths  Min Paths  
  ------  ---------  ---------  
  Slow    Yes        Yes        
  Fast    Yes        Yes        


------------------------------------------------------------------------------------------------
| Report Methodology
| ------------------
------------------------------------------------------------------------------------------------

No report available as report_methodology has not been run prior. Run report_methodology on the current design for the summary of methodology violations.



check_timing report

Table of Contents
-----------------
1. checking no_clock (0)
2. checking constant_clock (0)
3. checking pulse_width_clock (0)
4. checking unconstrained_internal_endpoints (0)
5. checking no_input_delay (0)
6. checking no_output_delay (0)
7. checking multiple_clock (0)
8. checking generated_clocks (0)
9. checking loops (0)
10. checking partial_input_delay (0)
11. checking partial_output_delay (0)
12. checking latch_loops (0)

1. checking no_clock (0)
------------------------
 There are 0 register/latch pins with no clock.


2. checking constant_clock (0)
------------------------------
 There are 0 register/latch pins with constant_clock.


3. checking pulse_width_clock (0)
---------------------------------
 There are 0 register/latch pins which need pulse_width check


4. checking unconstrained_internal_endpoints (0)
------------------------------------------------
 There are 0 pins that are not constrained for maximum delay.

 There are 0 pins that are not constrained for maximum delay due to constant clock.


5. checking no_input_delay (0)
------------------------------
 There are 0 input ports with no input delay specified.

 There are 0 input ports with no input delay but user has a false path constraint.


6. checking no_output_delay (0)
-------------------------------
 There are 0 ports with no output delay specified.

 There are 0 ports with no output delay but user has a false path constraint

 There are 0 ports with no output delay but with a timing clock defined on it or propagating through it


7. checking multiple_clock (0)
------------------------------
 There are 0 register/latch pins with multiple clocks.


8. checking generated_clocks (0)
--------------------------------
 There are 0 generated clocks that are not connected to a clock source.


9. checking loops (0)
---------------------
 There are 0 combinational loops in the design.


10. checking partial_input_delay (0)
------------------------------------
 There are 0 input ports with partial input delay specified.


11. checking partial_output_delay (0)
-------------------------------------
 There are 0 ports with partial output delay specified.


12. checking latch_loops (0)
----------------------------
 There are 0 combinational latch loops in the design through latch input



------------------------------------------------------------------------------------------------
| Design Timing Summary
| ---------------------
------------------------------------------------------------------------------------------------

    WNS(ns)      TNS(ns)  TNS Failing Endpoints  TNS Total Endpoints      WHS(ns)      THS(ns)  THS Failing Endpoints  THS Total Endpoints     WPWS(ns)     TPWS(ns)  TPWS Failing Endpoints  TPWS Total Endpoints  
    -------      -------  ---------------------  -------------------      -------      -------  ---------------------  -------------------     --------     --------  ----------------------  --------------------  
        inf        0.000                      0                    5          inf        0.000                      0                    5           NA           NA                      NA                    NA  


There are no user specified timing constraints.


------------------------------------------------------------------------------------------------
| Clock Summary
| -------------
------------------------------------------------------------------------------------------------


------------------------------------------------------------------------------------------------
| Intra Clock Table
| -----------------
------------------------------------------------------------------------------------------------

Clock             WNS(ns)      TNS(ns)  TNS Failing Endpoints  TNS Total Endpoints      WHS(ns)      THS(ns)  THS Failing Endpoints  THS Total Endpoints     WPWS(ns)     TPWS(ns)  TPWS Failing Endpoints  TPWS Total Endpoints  
-----             -------      -------  ---------------------  -------------------      -------      -------  ---------------------  -------------------     --------     --------  ----------------------  --------------------  


------------------------------------------------------------------------------------------------
| Inter Clock Table
| -----------------
------------------------------------------------------------------------------------------------

From Clock    To Clock          WNS(ns)      TNS(ns)  TNS Failing Endpoints  TNS Total Endpoints      WHS(ns)      THS(ns)  THS Failing Endpoints  THS Total Endpoints  
----------    --------          -------      -------  ---------------------  -------------------      -------      -------  ---------------------  -------------------  


------------------------------------------------------------------------------------------------
| Other Path Groups Table
| -----------------------
------------------------------------------------------------------------------------------------

Path Group    From Clock    To Clock          WNS(ns)      TNS(ns)  TNS Failing Endpoints  TNS Total Endpoints      WHS(ns)      THS(ns)  THS Failing Endpoints  THS Total Endpoints  
----------    ----------    --------          -------      -------  ---------------------  -------------------      -------      -------  ---------------------  -------------------  


------------------------------------------------------------------------------------------------
| User Ignored Path Table
| -----------------------
------------------------------------------------------------------------------------------------

Path Group    From Clock    To Clock    
----------    ----------    --------    


------------------------------------------------------------------------------------------------
| Unconstrained Path Table
| ------------------------
------------------------------------------------------------------------------------------------

Path Group    From Clock    To Clock    
----------    ----------    --------    
(none)                                    


------------------------------------------------------------------------------------------------
| Timing Details
| --------------
------------------------------------------------------------------------------------------------


--------------------------------------------------------------------------------------
Path Group:  (none)
From Clock:  
  To Clock:  

Max Delay             5 Endpoints
Min Delay             5 Endpoints
--------------------------------------------------------------------------------------


Max Delay Paths
--------------------------------------------------------------------------------------
Slack:                    inf
  Source:                 sw[11]
                            (input port)
  Destination:            led[15]
                            (output port)
  Path Group:             (none)
  Path Type:              Max at Slow Process Corner
  Data Path Delay:        15.668ns  (logic 5.461ns (34.856%)  route 10.207ns (65.144%))
  Logic Levels:           4  (IBUF=1 LUT5=2 OBUF=1)

    Location             Delay type                Incr(ns)  Path(ns)    Netlist Resource(s)
  -------------------------------------------------------------------    -------------------
    R3                                                0.000     0.000 r  sw[11] (IN)
                         net (fo=0)                   0.000     0.000    sw[11]
    R3                   IBUF (Prop_ibuf_I_O)         1.464     1.464 r  sw_IBUF[11]_inst/O
                         net (fo=3, routed)           4.047     5.511    sw_IBUF[11]
    SLICE_X0Y16          LUT5 (Prop_lut5_I3_O)        0.124     5.635 r  led_OBUF[15]_inst_i_2/O
                         net (fo=3, routed)           0.798     6.433    ripple_adder_inst/w_carry_1
    SLICE_X0Y19          LUT5 (Prop_lut5_I2_O)        0.150     6.583 r  led_OBUF[15]_inst_i_1/O
                         net (fo=1, routed)           5.361    11.944    led_OBUF[15]
    L1                   OBUF (Prop_obuf_I_O)         3.723    15.668 r  led_OBUF[15]_inst/O
                         net (fo=0)                   0.000    15.668    led[15]
    L1                                                                r  led[15] (OUT)
  -------------------------------------------------------------------    -------------------

Slack:                    inf
  Source:                 sw[11]
                            (input port)
  Destination:            led[1]
                            (output port)
  Path Group:             (none)
  Path Type:              Max at Slow Process Corner
  Data Path Delay:        11.951ns  (logic 5.346ns (44.729%)  route 6.605ns (55.271%))
  Logic Levels:           3  (IBUF=1 LUT5=1 OBUF=1)

    Location             Delay type                Incr(ns)  Path(ns)    Netlist Resource(s)
  -------------------------------------------------------------------    -------------------
    R3                                                0.000     0.000 r  sw[11] (IN)
                         net (fo=0)                   0.000     0.000    sw[11]
    R3                   IBUF (Prop_ibuf_I_O)         1.464     1.464 r  sw_IBUF[11]_inst/O
                         net (fo=3, routed)           4.047     5.511    sw_IBUF[11]
    SLICE_X0Y16          LUT5 (Prop_lut5_I2_O)        0.150     5.661 r  led_OBUF[1]_inst_i_1/O
                         net (fo=1, routed)           2.558     8.219    led_OBUF[1]
    E19                  OBUF (Prop_obuf_I_O)         3.732    11.951 r  led_OBUF[1]_inst/O
                         net (fo=0)                   0.000    11.951    led[1]
    E19                                                               r  led[1] (OUT)
  -------------------------------------------------------------------    -------------------

Slack:                    inf
  Source:                 sw[11]
                            (input port)
  Destination:            led[2]
                            (output port)
  Path Group:             (none)
  Path Type:              Max at Slow Process Corner
  Data Path Delay:        11.724ns  (logic 5.213ns (44.462%)  route 6.511ns (55.538%))
  Logic Levels:           4  (IBUF=1 LUT3=1 LUT5=1 OBUF=1)

    Location             Delay type                Incr(ns)  Path(ns)    Netlist Resource(s)
  -------------------------------------------------------------------    -------------------
    R3                                                0.000     0.000 r  sw[11] (IN)
                         net (fo=0)                   0.000     0.000    sw[11]
    R3                   IBUF (Prop_ibuf_I_O)         1.464     1.464 r  sw_IBUF[11]_inst/O
                         net (fo=3, routed)           4.047     5.511    sw_IBUF[11]
    SLICE_X0Y16          LUT5 (Prop_lut5_I3_O)        0.124     5.635 r  led_OBUF[15]_inst_i_2/O
                         net (fo=3, routed)           0.790     6.425    ripple_adder_inst/w_carry_1
    SLICE_X0Y19          LUT3 (Prop_lut3_I2_O)        0.124     6.549 r  led_OBUF[2]_inst_i_1/O
                         net (fo=1, routed)           1.674     8.223    led_OBUF[2]
    U19                  OBUF (Prop_obuf_I_O)         3.501    11.724 r  led_OBUF[2]_inst/O
                         net (fo=0)                   0.000    11.724    led[2]
    U19                                                               r  led[2] (OUT)
  -------------------------------------------------------------------    -------------------

Slack:                    inf
  Source:                 sw[11]
                            (input port)
  Destination:            led[3]
                            (output port)
  Path Group:             (none)
  Path Type:              Max at Slow Process Corner
  Data Path Delay:        11.595ns  (logic 5.221ns (45.026%)  route 6.374ns (54.974%))
  Logic Levels:           4  (IBUF=1 LUT5=2 OBUF=1)

    Location             Delay type                Incr(ns)  Path(ns)    Netlist Resource(s)
  -------------------------------------------------------------------    -------------------
    R3                                                0.000     0.000 r  sw[11] (IN)
                         net (fo=0)                   0.000     0.000    sw[11]
    R3                   IBUF (Prop_ibuf_I_O)         1.464     1.464 r  sw_IBUF[11]_inst/O
                         net (fo=3, routed)           4.047     5.511    sw_IBUF[11]
    SLICE_X0Y16          LUT5 (Prop_lut5_I3_O)        0.124     5.635 r  led_OBUF[15]_inst_i_2/O
                         net (fo=3, routed)           0.798     6.433    ripple_adder_inst/w_carry_1
    SLICE_X0Y19          LUT5 (Prop_lut5_I3_O)        0.124     6.557 r  led_OBUF[3]_inst_i_1/O
                         net (fo=1, routed)           1.529     8.086    led_OBUF[3]
    V19                  OBUF (Prop_obuf_I_O)         3.509    11.595 r  led_OBUF[3]_inst/O
                         net (fo=0)                   0.000    11.595    led[3]
    V19                                                               r  led[3] (OUT)
  -------------------------------------------------------------------    -------------------

Slack:                    inf
  Source:                 sw[11]
                            (input port)
  Destination:            led[0]
                            (output port)
  Path Group:             (none)
  Path Type:              Max at Slow Process Corner
  Data Path Delay:        11.037ns  (logic 5.093ns (46.142%)  route 5.944ns (53.858%))
  Logic Levels:           3  (IBUF=1 LUT3=1 OBUF=1)

    Location             Delay type                Incr(ns)  Path(ns)    Netlist Resource(s)
  -------------------------------------------------------------------    -------------------
    R3                                                0.000     0.000 r  sw[11] (IN)
                         net (fo=0)                   0.000     0.000    sw[11]
    R3                   IBUF (Prop_ibuf_I_O)         1.464     1.464 r  sw_IBUF[11]_inst/O
                         net (fo=3, routed)           3.846     5.310    sw_IBUF[11]
    SLICE_X0Y16          LUT3 (Prop_lut3_I0_O)        0.124     5.434 r  led_OBUF[0]_inst_i_1/O
                         net (fo=1, routed)           2.098     7.532    led_OBUF[0]
    U16                  OBUF (Prop_obuf_I_O)         3.505    11.037 r  led_OBUF[0]_inst/O
                         net (fo=0)                   0.000    11.037    led[0]
    U16                                                               r  led[0] (OUT)
  -------------------------------------------------------------------    -------------------





Min Delay Paths
--------------------------------------------------------------------------------------
Slack:                    inf
  Source:                 sw[4]
                            (input port)
  Destination:            led[3]
                            (output port)
  Path Group:             (none)
  Path Type:              Min at Fast Process Corner
  Data Path Delay:        2.256ns  (logic 1.474ns (65.340%)  route 0.782ns (34.660%))
  Logic Levels:           3  (IBUF=1 LUT5=1 OBUF=1)

    Location             Delay type                Incr(ns)  Path(ns)    Netlist Resource(s)
  -------------------------------------------------------------------    -------------------
    W15                                               0.000     0.000 r  sw[4] (IN)
                         net (fo=0)                   0.000     0.000    sw[4]
    W15                  IBUF (Prop_ibuf_I_O)         0.219     0.219 r  sw_IBUF[4]_inst/O
                         net (fo=2, routed)           0.500     0.719    sw_IBUF[4]
    SLICE_X0Y19          LUT5 (Prop_lut5_I1_O)        0.045     0.764 r  led_OBUF[3]_inst_i_1/O
                         net (fo=1, routed)           0.282     1.046    led_OBUF[3]
    V19                  OBUF (Prop_obuf_I_O)         1.210     2.256 r  led_OBUF[3]_inst/O
                         net (fo=0)                   0.000     2.256    led[3]
    V19                                                               r  led[3] (OUT)
  -------------------------------------------------------------------    -------------------

Slack:                    inf
  Source:                 sw[0]
                            (input port)
  Destination:            led[0]
                            (output port)
  Path Group:             (none)
  Path Type:              Min at Fast Process Corner
  Data Path Delay:        2.468ns  (logic 1.472ns (59.650%)  route 0.996ns (40.350%))
  Logic Levels:           3  (IBUF=1 LUT3=1 OBUF=1)

    Location             Delay type                Incr(ns)  Path(ns)    Netlist Resource(s)
  -------------------------------------------------------------------    -------------------
    V17                                               0.000     0.000 r  sw[0] (IN)
                         net (fo=0)                   0.000     0.000    sw[0]
    V17                  IBUF (Prop_ibuf_I_O)         0.221     0.221 r  sw_IBUF[0]_inst/O
                         net (fo=3, routed)           0.482     0.703    sw_IBUF[0]
    SLICE_X0Y16          LUT3 (Prop_lut3_I2_O)        0.045     0.748 r  led_OBUF[0]_inst_i_1/O
                         net (fo=1, routed)           0.514     1.262    led_OBUF[0]
    U16                  OBUF (Prop_obuf_I_O)         1.206     2.468 r  led_OBUF[0]_inst/O
                         net (fo=0)                   0.000     2.468    led[0]
    U16                                                               r  led[0] (OUT)
  -------------------------------------------------------------------    -------------------

Slack:                    inf
  Source:                 sw[3]
                            (input port)
  Destination:            led[2]
                            (output port)
  Path Group:             (none)
  Path Type:              Min at Fast Process Corner
  Data Path Delay:        2.480ns  (logic 1.464ns (59.025%)  route 1.016ns (40.975%))
  Logic Levels:           3  (IBUF=1 LUT3=1 OBUF=1)

    Location             Delay type                Incr(ns)  Path(ns)    Netlist Resource(s)
  -------------------------------------------------------------------    -------------------
    W17                                               0.000     0.000 r  sw[3] (IN)
                         net (fo=0)                   0.000     0.000    sw[3]
    W17                  IBUF (Prop_ibuf_I_O)         0.217     0.217 r  sw_IBUF[3]_inst/O
                         net (fo=3, routed)           0.691     0.908    sw_IBUF[3]
    SLICE_X0Y19          LUT3 (Prop_lut3_I1_O)        0.045     0.953 r  led_OBUF[2]_inst_i_1/O
                         net (fo=1, routed)           0.325     1.278    led_OBUF[2]
    U19                  OBUF (Prop_obuf_I_O)         1.202     2.480 r  led_OBUF[2]_inst/O
                         net (fo=0)                   0.000     2.480    led[2]
    U19                                                               r  led[2] (OUT)
  -------------------------------------------------------------------    -------------------

Slack:                    inf
  Source:                 sw[2]
                            (input port)
  Destination:            led[1]
                            (output port)
  Path Group:             (none)
  Path Type:              Min at Fast Process Corner
  Data Path Delay:        2.715ns  (logic 1.572ns (57.915%)  route 1.143ns (42.085%))
  Logic Levels:           3  (IBUF=1 LUT5=1 OBUF=1)

    Location             Delay type                Incr(ns)  Path(ns)    Netlist Resource(s)
  -------------------------------------------------------------------    -------------------
    W16                                               0.000     0.000 r  sw[2] (IN)
                         net (fo=0)                   0.000     0.000    sw[2]
    W16                  IBUF (Prop_ibuf_I_O)         0.232     0.232 r  sw_IBUF[2]_inst/O
                         net (fo=2, routed)           0.417     0.649    sw_IBUF[2]
    SLICE_X0Y16          LUT5 (Prop_lut5_I1_O)        0.048     0.697 r  led_OBUF[1]_inst_i_1/O
                         net (fo=1, routed)           0.725     1.422    led_OBUF[1]
    E19                  OBUF (Prop_obuf_I_O)         1.293     2.715 r  led_OBUF[1]_inst/O
                         net (fo=0)                   0.000     2.715    led[1]
    E19                                                               r  led[1] (OUT)
  -------------------------------------------------------------------    -------------------

Slack:                    inf
  Source:                 sw[4]
                            (input port)
  Destination:            led[15]
                            (output port)
  Path Group:             (none)
  Path Type:              Min at Fast Process Corner
  Data Path Delay:        4.162ns  (logic 1.551ns (37.276%)  route 2.610ns (62.724%))
  Logic Levels:           3  (IBUF=1 LUT5=1 OBUF=1)

    Location             Delay type                Incr(ns)  Path(ns)    Netlist Resource(s)
  -------------------------------------------------------------------    -------------------
    W15                                               0.000     0.000 r  sw[4] (IN)
                         net (fo=0)                   0.000     0.000    sw[4]
    W15                  IBUF (Prop_ibuf_I_O)         0.219     0.219 r  sw_IBUF[4]_inst/O
                         net (fo=2, routed)           0.500     0.719    sw_IBUF[4]
    SLICE_X0Y19          LUT5 (Prop_lut5_I4_O)        0.048     0.767 r  led_OBUF[15]_inst_i_1/O
                         net (fo=1, routed)           2.110     2.877    led_OBUF[15]
    L1                   OBUF (Prop_obuf_I_O)         1.284     4.162 r  led_OBUF[15]_inst/O
                         net (fo=0)                   0.000     4.162    led[15]
    L1                                                                r  led[15] (OUT)
  -------------------------------------------------------------------    -------------------





